ProjectGroup@302e:~/R16-Parrot_SDK/lichee/tools/pack$ ./pack -c sun8iw5p1 -b evb-20 -p android -m xdump
ERROR: build lichee before you pack
copying tools file
cp: cannot stat ‘chips/sun8iw5p1/tools/split_xxxx.fex’: No such file or directory
cp: cannot stat ‘chips/sun8iw5p1/tools/usbtool_test.fex’: No such file or directory
cp: cannot stat ‘chips/sun8iw5p1/tools/cardscript.fex’: No such file or directory
cp: cannot stat ‘chips/sun8iw5p1/tools/cardtool.fex’: No such file or directory
cp: cannot stat ‘chips/sun8iw5p1/tools/usbtool.fex’: No such file or directory
cp: cannot stat ‘chips/sun8iw5p1/tools/aultls32.fex’: No such file or directory
cp: cannot stat ‘chips/sun8iw5p1/tools/aultools.fex’: No such file or directory
copying configs file
cp: cannot stat ‘common/toc/toc1.fex’: No such file or directory
cp: cannot stat ‘common/toc/toc0.fex’: No such file or directory
cp: cannot stat ‘chips/sun8iw5p1/configs/evb-20/*.cfg’: No such file or directory
./out/aultls32.fex
./out/aultools.fex
./out/cardscript.fex
./out/cardtool.fex
./out/diskfs.fex
./out/env_burn.cfg
./out/env.cfg
./out/image.cfg
./out/image_linux.cfg
./out/split_xxxx.fex
./out/sys_config.fex
./out/sys_partition_dragonboard.fex
./out/sys_partition_dump.fex
./out/sys_partition.fex
./out/sys_partition_linux.fex
./out/sys_partition_private.fex
./out/sys_partition_tina.fex
./out/test_config.fex
./out/usbtool.fex
./out/usbtool_test.fex
copying boot resource
cp: cannot stat ‘chips/sun8iw5p1/configs/evb-20/bootlogo.bmp’: No such file or directory
copying boot file
cp: cannot stat ‘chips/sun8iw5p1/bin/boot0_nand_sun8iw5p1-ota_test.bin’: No such file or directory
cp: cannot stat ‘chips/sun8iw5p1/bin/boot0_sdcard_sun8iw5p1-ota_test.bin’: No such file or directory
cp: cannot stat ‘chips/sun8iw5p1/bin/boot0_spinor_sun8iw5p1-ota_test.bin’: No such file or directory
cp: cannot stat ‘chips/sun8iw5p1/bin/u-boot-sun8iw5p1-ota_test.bin’: No such file or directory
cp: cannot stat ‘chips/sun8iw5p1/bin/u-boot-spinor-sun8iw5p1-ota_test.bin’: No such file or directory
argc = 2
input name sys_config.fex
Script 1 source file Path=/mnt/hdd2/ProjectGroup/R16-Parrot_SDK/lichee/tools/pack/out/sys_config.fex
Script 1 bin file Path=/mnt/hdd2/ProjectGroup/R16-Parrot_SDK/lichee/tools/pack/out/sys_config.bin
parser 1 file ok
argc = 2
input name sys_partition.fex
Script 1 source file Path=/mnt/hdd2/ProjectGroup/R16-Parrot_SDK/lichee/tools/pack/out/sys_partition.fex
Script 1 bin file Path=/mnt/hdd2/ProjectGroup/R16-Parrot_SDK/lichee/tools/pack/out/sys_partition.bin
parser 1 file ok

boot0 file Path=/mnt/hdd2/ProjectGroup/R16-Parrot_SDK/lichee/tools/pack/out/boot0_nand.fex
script file Path=/mnt/hdd2/ProjectGroup/R16-Parrot_SDK/lichee/tools/pack/out/sys_config.bin

debug_mode 
script update boot0 ok

boot0 file Path=/mnt/hdd2/ProjectGroup/R16-Parrot_SDK/lichee/tools/pack/out/boot0_sdcard.fex
script file Path=/mnt/hdd2/ProjectGroup/R16-Parrot_SDK/lichee/tools/pack/out/sys_config.bin

debug_mode 
card line num is 8 
script update boot0 ok

uboot file Path=/mnt/hdd2/ProjectGroup/R16-Parrot_SDK/lichee/tools/pack/out/u-boot.fex
script file Path=/mnt/hdd2/ProjectGroup/R16-Parrot_SDK/lichee/tools/pack/out/sys_config.bin


fes1 file Path=/mnt/hdd2/ProjectGroup/R16-Parrot_SDK/lichee/tools/pack/out/fes1.fex
script file Path=/mnt/hdd2/ProjectGroup/R16-Parrot_SDK/lichee/tools/pack/out/sys_config.bin

script update fes1 ok
disk : c
CopyRootToFS(/mnt/hdd2/ProjectGroup/R16-Parrot_SDK/lichee/tools/pack/out/boot-resource)

c:\bat
c:\magic.bin
find magic !! 
RealLen=0x453400
CPlugin Free lib 
CPlugin Free lib 
packing for android
ERROR: please specify ANDROID_IMAGE_OUT env
normal
mbr count = 4

partitation file Path=/mnt/hdd2/ProjectGroup/R16-Parrot_SDK/lichee/tools/pack/out/sys_partition.bin
mbr_name file Path=/mnt/hdd2/ProjectGroup/R16-Parrot_SDK/lichee/tools/pack/out/sunxi_mbr.fex
download_name file Path=/mnt/hdd2/ProjectGroup/R16-Parrot_SDK/lichee/tools/pack/out/dlinfo.fex

mbr size = 16384
mbr magic softw411
disk name=bootloader
disk name=env
disk name=boot
disk name=system
disk name=data
disk name=misc
disk name=recovery
disk name=cache
disk name=databk
disk name=private
disk name=UDISK
this is not a partition key
update_for_part_info 0
crc 0 = 2a39785
crc 1 = 971ec6d8
crc 2 = f2a8337e
crc 3 = 67156223
update mbr file ok
/mnt/hdd2/ProjectGroup/R16-Parrot_SDK/lichee/tools/pack/pctools/linux/eDragonEx/
/mnt/hdd2/ProjectGroup/R16-Parrot_SDK/lichee/tools/pack/out
Begin Parse sys_partion.fex
Add partion boot-resource.fex BOOT-RESOURCE_FEX
Add partion very boot-resource.fex BOOT-RESOURCE_FEX
FilePath: boot-resource.fex
FileLength=453400Add partion env.fex ENV_FEX000000000
Add partion very env.fex ENV_FEX000000000
FilePath: env.fex
FileLength=20000Add partion boot.fex BOOT_FEX00000000
Add partion very boot.fex BOOT_FEX00000000
FilePath: boot.fex
CreateFile failed 2
Add partion system.fex SYSTEM_FEX000000
Add partion very system.fex SYSTEM_FEX000000
FilePath: system.fex
CreateFile failed 2
Add partion recovery.fex RECOVERY_FEX0000
Add partion very recovery.fex RECOVERY_FEX0000
FilePath: recovery.fex
CreateFile failed 2
Add partion diskfs.fex DISKFS_FEX000000
sys_config.fex Len: 0xf465
config.fex Len: 0x9ac8
split_xxxx.fex Len: 0x200
sys_partition.fex Len: 0xe2e
boot0_nand.fex Len: 0x8000
boot0_sdcard.fex Len: 0x8000
u-boot.fex Len: 0xc4000
fes1.fex Len: 0x1fc0
full_img.fex Len: 0x16
usbtool.fex Len: 0x23000
aultools.fex Len: 0x26ead
aultls32.fex Len: 0x238dd
cardtool.fex Len: 0x14000
cardscript.fex Len: 0x6ea
sunxi_mbr.fex Len: 0x10000
dlinfo.fex Len: 0x4000
The file arisc.fex length = 0
BuildImg 400
Dragon execute image.cfg Failed ! ArgCnt = 3, 400
pack finish
ProjectGroup@302e:~/R16-Parrot_SDK/lichee/tools/pack$ 
